Active-HDL 10.5.216.6767 2018-11-23 13:13:09

Elaboration top modules:
Architecture                  modulo4(modulo4)


-----------------------------------------------------------------------------------------
Entity   | Architecture | Library | Info | Compiler Version        | Compilation Options
-----------------------------------------------------------------------------------------
modulo4  | modulo4      | lab4    |      | 10.5.216.6767 (Windows) | -O3
-----------------------------------------------------------------------------------------

-----------------------------------------------------------------------------------------
VHDL Package            | Library | Info | Compiler Version        | Compilation Options
-----------------------------------------------------------------------------------------
standard                | std     |      |                         | <unavailable>
TEXTIO                  | std     |      |                         | <unavailable>
std_logic_1164          | ieee    |      |                         | <unavailable>
-----------------------------------------------------------------------------------------

-----------------------------------------------------------------------------------------
Library                 | Comment
-----------------------------------------------------------------------------------------
ieee                    | Standard IEEE packages library
lab4                    | None
std                     | Standard VHDL library
-----------------------------------------------------------------------------------------
