Active-HDL 10.5.216.6767 2018-11-29 18:58:19

Elaboration top modules:
Architecture                  Behavioral(VHDL_Code_Debounce)


---------------------------------------------------------------------------------------------------
Entity             | Architecture | Library | Info | Compiler Version        | Compilation Options
---------------------------------------------------------------------------------------------------
VHDL_Code_Debounce | Behavioral   | lab5    |      | 10.5.216.6767 (Windows) | -O3
---------------------------------------------------------------------------------------------------

---------------------------------------------------------------------------------------------------
VHDL Package                      | Library | Info | Compiler Version        | Compilation Options
---------------------------------------------------------------------------------------------------
standard                          | std     |      |                         | <unavailable>
TEXTIO                            | std     |      |                         | <unavailable>
std_logic_1164                    | ieee    |      |                         | <unavailable>
---------------------------------------------------------------------------------------------------

---------------------------------------------------------------------------------------------------
Library                           | Comment
---------------------------------------------------------------------------------------------------
ieee                              | Standard IEEE packages library
lab5                              | None
std                               | Standard VHDL library
---------------------------------------------------------------------------------------------------
